2025-09-30 00:43:20,531 [INFO] UtilMem:75 - End SaveConfig() Used Memory: 724155496 Bytes (1073741824)
2025-09-30 00:43:21,612 [INFO] UtilMem:75 - End SaveConfig() Used Memory: 662087272 Bytes (1073741824)
2025-09-30 00:43:22,686 [INFO] UtilMem:75 - End SaveConfig() Used Memory: 715375112 Bytes (1073741824)
2025-09-30 00:43:22,809 [INFO] BlockDiagram:2759 - set Specific Code input for plugin: NVIC
2025-09-30 00:43:22,809 [INFO] BlockDiagram:2759 - set Specific Code input for plugin: GPIO
2025-09-30 00:43:22,809 [INFO] BlockDiagram:2759 - set Specific Code input for plugin: RCC
2025-09-30 00:43:22,811 [INFO] CodeGenerator:807 - code generatio: config db path: E:\ST\STM32CubeIDE_1.14.0\STM32CubeIDE\plugins\com.st.stm32cube.common.mx_6.10.0.202311202037\\db\
2025-09-30 00:43:22,889 [INFO] CodeEngine:255 - oldGeneratedFile, E:\LAB1\Lab1_exercise\MXTmpFiles\license.tmp_save
2025-09-30 00:43:22,943 [INFO] CodeEngine:279 - Generated code: E:\LAB1\Lab1_exercise\MXTmpFiles\license.tmp
2025-09-30 00:43:22,953 [INFO] CodeEngine:255 - oldGeneratedFile, E:\LAB1\Lab1_exercise\MXTmpFiles\gpio.tmp_save
2025-09-30 00:43:23,007 [INFO] CodeEngine:279 - Generated code: E:\LAB1\Lab1_exercise\MXTmpFiles\gpio.tmp
2025-09-30 00:43:23,020 [INFO] CodeEngine:255 - oldGeneratedFile, E:\LAB1\Lab1_exercise\Core\Src\stm32f1xx_it.c_save
2025-09-30 00:43:23,220 [INFO] CodeEngine:279 - Generated code: E:\LAB1\Lab1_exercise\Core\Src\stm32f1xx_it.c
2025-09-30 00:43:23,231 [INFO] CodeEngine:255 - oldGeneratedFile, E:\LAB1\Lab1_exercise\Core\Inc\stm32f1xx_it.h_save
2025-09-30 00:43:23,265 [INFO] CodeEngine:279 - Generated code: E:\LAB1\Lab1_exercise\Core\Inc\stm32f1xx_it.h
2025-09-30 00:43:23,283 [INFO] CodeEngine:255 - oldGeneratedFile, E:\LAB1\Lab1_exercise\Core\Src\stm32f1xx_hal_msp.c_save
2025-09-30 00:43:23,340 [INFO] CodeEngine:279 - Generated code: E:\LAB1\Lab1_exercise\Core\Src\stm32f1xx_hal_msp.c
2025-09-30 00:43:23,344 [INFO] CodeEngine:255 - oldGeneratedFile, E:\LAB1\Lab1_exercise\MXTmpFiles\system.tmp_save
2025-09-30 00:43:23,380 [INFO] CodeEngine:279 - Generated code: E:\LAB1\Lab1_exercise\MXTmpFiles\system.tmp
2025-09-30 00:43:23,390 [INFO] CodeEngine:311 - oldGeneratedFile, E:\LAB1\Lab1_exercise\Core\Inc\stm32f1xx_hal_conf.h_save
2025-09-30 00:43:23,454 [INFO] CodeEngine:335 - Generated code: E:\LAB1\Lab1_exercise\Core\Inc\stm32f1xx_hal_conf.h
2025-09-30 00:43:23,475 [INFO] CodeEngine:255 - oldGeneratedFile, E:\LAB1\Lab1_exercise\Core\Inc\main.h_save
2025-09-30 00:43:23,523 [INFO] CodeEngine:279 - Generated code: E:\LAB1\Lab1_exercise\Core\Inc\main.h
2025-09-30 00:43:23,537 [INFO] CodeEngine:255 - oldGeneratedFile, E:\LAB1\Lab1_exercise\Core\Src\main.c_save
2025-09-30 00:43:23,584 [INFO] CodeEngine:279 - Generated code: E:\LAB1\Lab1_exercise\Core\Src\main.c
2025-09-30 00:43:23,907 [INFO] ProjectBuilder:3076 - Time for Copy HAL[1] : 105mS.
2025-09-30 00:43:23,908 [INFO] ProjectBuilder:4485 - Project Generator version: 4.2.0-B44
2025-09-30 00:43:24,066 [INFO] ConfigFileManager:1495 - The Die is : DIE412
2025-09-30 00:43:24,796 [INFO] ProjectBuilder:4747 - Time for Generating toolchain IDE Files: 888mS.
2025-09-30 00:43:24,797 [INFO] ProjectBuilder:2947 - Time for Copy CMSIS : 1mS.
2025-09-30 00:43:24,799 [INFO] ProjectBuilder:2947 - Time for Copy CMSIS : 0mS.
