2025-10-02 16:25:17,722 [INFO] Activator:176 - 


2025-10-02 16:25:17,731 [INFO] Activator:177 - !SESSION log4j initialized
2025-10-02 16:25:26,599 [INFO] LogOutputStream:77 - [STDOUT_REDIRECT] 
2025-10-02 16:25:30,118 [INFO] ApplicationProperties:184 - Using Application install path: E:\ST\STM32CubeIDE_1.14.0\STM32CubeIDE\plugins\com.st.stm32cube.common.mx_6.10.0.202311202037
2025-10-02 16:25:30,131 [INFO] DbMcusXml:78 - Set database path to: E:\ST\STM32CubeIDE_1.14.0\STM32CubeIDE\plugins\com.st.stm32cube.common.mx_6.10.0.202311202037\\db\/mcu/
2025-10-02 16:25:30,131 [INFO] ApiDb:274 - Set plugin database path to: E:\ST\STM32CubeIDE_1.14.0\STM32CubeIDE\plugins\com.st.stm32cube.common.mx_6.10.0.202311202037\\db\/plugins/boardmanager/
2025-10-02 16:25:30,131 [WARN] ApiDb:259 - Overriding images path with different value:  => E:\ST\STM32CubeIDE_1.14.0\STM32CubeIDE\plugins\com.st.stm32cube.common.mx_6.10.0.202311202037\\db\/plugins/mcufinder/images/
2025-10-02 16:25:30,138 [INFO] ApiDb:250 - Set database path to: C:\Users\duyss\.stmcufinder\plugins\mcufinder//mcu/
2025-10-02 16:25:30,138 [INFO] DbMcusAds:125 - Set database path to: C:\Users\duyss\.stmcufinder\plugins\mcufinder//mcu/
2025-10-02 16:25:30,847 [INFO] CrossReferenceDbSqlite:203 - Set database path to: C:\Users\duyss\.stmcufinder\plugins\mcufinder//mcu/cs/
2025-10-02 16:25:30,951 [INFO] RulesReader:64 - Compatibility file has been processed (297 Rules)
2025-10-02 16:25:30,997 [INFO] DbMcusXml:78 - Set database path to: E:\ST\STM32CubeIDE_1.14.0\STM32CubeIDE\plugins\com.st.stm32cube.common.mx_6.10.0.202311202037\\db\/mcu/
2025-10-02 16:25:30,997 [INFO] ApiDb:274 - Set plugin database path to: E:\ST\STM32CubeIDE_1.14.0\STM32CubeIDE\plugins\com.st.stm32cube.common.mx_6.10.0.202311202037\\db\/plugins/boardmanager/
2025-10-02 16:25:30,997 [INFO] ApiDb:261 - Set plugin images path to: E:\ST\STM32CubeIDE_1.14.0\STM32CubeIDE\plugins\com.st.stm32cube.common.mx_6.10.0.202311202037\\db\/plugins/mcufinder/images/
2025-10-02 16:25:30,997 [WARN] DbFile:41 - Overriding database path with different value: C:\Users\duyss\.stmcufinder\plugins\mcufinder/ => C:\Users\duyss\.stmcufinder\plugins\mcufinder
2025-10-02 16:25:30,997 [INFO] ApiDb:250 - Set database path to: C:\Users\duyss\.stmcufinder\plugins\mcufinder//mcu/
2025-10-02 16:25:30,997 [WARN] DbFile:41 - Overriding database path with different value: C:\Users\duyss\.stmcufinder\plugins\mcufinder/ => C:\Users\duyss\.stmcufinder\plugins\mcufinder
2025-10-02 16:25:30,997 [INFO] DbMcusAds:125 - Set database path to: C:\Users\duyss\.stmcufinder\plugins\mcufinder//mcu/
2025-10-02 16:25:30,997 [WARN] DbFile:41 - Overriding database path with different value: C:\Users\duyss\.stmcufinder\plugins\mcufinder/ => C:\Users\duyss\.stmcufinder\plugins\mcufinder
2025-10-02 16:25:30,999 [WARN] DbFile:41 - Overriding database path with different value: C:\Users\duyss\.stmcufinder\plugins\mcufinder/ => C:\Users\duyss\.stmcufinder\plugins\mcufinder
2025-10-02 16:25:31,843 [INFO] CrossReferenceDbSqlite:203 - Set database path to: C:\Users\duyss\.stmcufinder\plugins\mcufinder//mcu/cs/
2025-10-02 16:25:31,896 [INFO] MainPanel:264 - HeapMemory: 268435456
2025-10-02 16:25:31,948 [INFO] DbMcusXml:78 - Set database path to: E:\ST\STM32CubeIDE_1.14.0\STM32CubeIDE\plugins\com.st.stm32cube.common.mx_6.10.0.202311202037\\db\/mcu/
2025-10-02 16:25:31,948 [INFO] ApiDb:274 - Set plugin database path to: E:\ST\STM32CubeIDE_1.14.0\STM32CubeIDE\plugins\com.st.stm32cube.common.mx_6.10.0.202311202037\\db\/plugins/boardmanager/
2025-10-02 16:25:31,948 [INFO] ApiDb:261 - Set plugin images path to: E:\ST\STM32CubeIDE_1.14.0\STM32CubeIDE\plugins\com.st.stm32cube.common.mx_6.10.0.202311202037\\db\/plugins/mcufinder/images/
2025-10-02 16:25:31,948 [WARN] DbFile:41 - Overriding database path with different value: C:\Users\duyss\.stmcufinder\plugins\mcufinder/ => C:\Users\duyss\.stmcufinder\plugins\mcufinder
2025-10-02 16:25:31,948 [INFO] ApiDb:250 - Set database path to: C:\Users\duyss\.stmcufinder\plugins\mcufinder//mcu/
2025-10-02 16:25:31,948 [WARN] DbFile:41 - Overriding database path with different value: C:\Users\duyss\.stmcufinder\plugins\mcufinder/ => C:\Users\duyss\.stmcufinder\plugins\mcufinder
2025-10-02 16:25:31,948 [INFO] DbMcusAds:125 - Set database path to: C:\Users\duyss\.stmcufinder\plugins\mcufinder//mcu/
2025-10-02 16:25:31,948 [WARN] DbFile:41 - Overriding database path with different value: C:\Users\duyss\.stmcufinder\plugins\mcufinder/ => C:\Users\duyss\.stmcufinder\plugins\mcufinder
2025-10-02 16:25:31,948 [WARN] DbFile:41 - Overriding database path with different value: C:\Users\duyss\.stmcufinder\plugins\mcufinder/ => C:\Users\duyss\.stmcufinder\plugins\mcufinder
2025-10-02 16:25:32,836 [INFO] CrossReferenceDbSqlite:203 - Set database path to: C:\Users\duyss\.stmcufinder\plugins\mcufinder//mcu/cs/
2025-10-02 16:25:32,858 [INFO] ApplicationProperties:184 - Using Application install path: E:\ST\STM32CubeIDE_1.14.0\STM32CubeIDE\plugins\com.st.stm32cube.common.mx_6.10.0.202311202037
2025-10-02 16:25:32,859 [INFO] PluginManage:196 - Search for loadable plugins [exclusion list=, ]
2025-10-02 16:25:32,860 [INFO] PluginManage:310 - Check plugin analytics
2025-10-02 16:25:33,923 [INFO] AnalyticsPlugin:253 - Accepted Software Licenses: 
2025-10-02 16:25:33,924 [INFO] AnalyticsPlugin:255 - Accepted CMSIS Pack Licenses: 
2025-10-02 16:25:33,924 [INFO] AnalyticsPlugin:257 - Accepted Firmware Licenses: 
2025-10-02 16:25:33,926 [INFO] PluginManage:359 - Loaded plugin analytics (category:tool,tabindex:-1)
2025-10-02 16:25:33,926 [INFO] PluginManage:310 - Check plugin cadmodel
2025-10-02 16:25:33,946 [INFO] CADModel:105 - Init CAD model plugin
2025-10-02 16:25:33,946 [INFO] PluginManage:359 - Loaded plugin cadmodel (category:power,tabindex:5)
2025-10-02 16:25:33,947 [INFO] PluginManage:310 - Check plugin clock
2025-10-02 16:25:33,970 [INFO] PluginManage:359 - Loaded plugin clock (category:base,tabindex:2)
2025-10-02 16:25:33,970 [INFO] PluginManage:310 - Check plugin ddr
2025-10-02 16:25:33,972 [INFO] PluginManage:359 - Loaded plugin ddr (category:tool,tabindex:6)
2025-10-02 16:25:33,972 [INFO] PluginManage:310 - Check plugin filemanager
2025-10-02 16:25:34,081 [INFO] PluginManage:359 - Loaded plugin filemanager (category:base,tabindex:10)
2025-10-02 16:25:34,081 [INFO] PluginManage:310 - Check plugin ipmanager
2025-10-02 16:25:34,087 [INFO] PluginManage:359 - Loaded plugin ipmanager (category:base,tabindex:5)
2025-10-02 16:25:34,087 [INFO] PluginManage:310 - Check plugin lpbam
2025-10-02 16:25:34,116 [INFO] PluginManage:359 - Loaded plugin lpbam (category:base,tabindex:0)
2025-10-02 16:25:34,116 [INFO] PluginManage:310 - Check plugin memorymap
2025-10-02 16:25:34,144 [INFO] PluginManage:359 - Loaded plugin memorymap (category:base,tabindex:4)
2025-10-02 16:25:34,145 [INFO] PluginManage:310 - Check plugin pinoutandconfiguration
2025-10-02 16:25:34,167 [INFO] PluginManage:359 - Loaded plugin pinoutandconfiguration (category:base,tabindex:1)
2025-10-02 16:25:34,167 [INFO] PluginManage:310 - Check plugin pinoutconfig
2025-10-02 16:25:34,248 [WARN] SupportedApi:132 - Cannot load RTOS API schema: s4s-elt-must-match.1: The content of 'definitions' must match (annotation?, (simpleType | complexType)?, (unique | key | keyref)*)). A problem was found starting at: attribute.
2025-10-02 16:25:34,341 [INFO] PluginManage:359 - Loaded plugin pinoutconfig (category:base,tabindex:0)
2025-10-02 16:25:34,341 [INFO] PluginManage:310 - Check plugin power
2025-10-02 16:25:34,362 [INFO] PluginManage:359 - Loaded plugin power (category:power,tabindex:4)
2025-10-02 16:25:34,362 [INFO] PluginManage:310 - Check plugin projectmanager
2025-10-02 16:25:34,373 [INFO] PluginManage:359 - Loaded plugin projectmanager (category:projectmanager,tabindex:3)
2025-10-02 16:25:34,373 [INFO] PluginManage:310 - Check plugin thirdparty
2025-10-02 16:25:34,845 [INFO] PluginManage:359 - Loaded plugin thirdparty (category:base,tabindex:-1)
2025-10-02 16:25:34,845 [WARN] IntegrityCheckThread:84 - waiting for thirdparty lock release [integrity check]
2025-10-02 16:25:34,845 [INFO] PluginManage:310 - Check plugin tools
2025-10-02 16:25:34,845 [INFO] IntegrityCheckThread:86 - entering critical section [integrity check]
2025-10-02 16:25:34,847 [INFO] ThirdPartyUpdaterWithRetryManager:70 - Updater plugin not ready yet. [1/15]
2025-10-02 16:25:34,966 [INFO] PluginManage:359 - Loaded plugin tools (category:base,tabindex:7)
2025-10-02 16:25:34,966 [INFO] PluginManage:310 - Check plugin tutovideos
2025-10-02 16:25:35,186 [INFO] PluginManage:359 - Loaded plugin tutovideos (category:base,tabindex:-1)
2025-10-02 16:25:35,186 [INFO] PluginManage:310 - Check plugin updater
2025-10-02 16:25:35,195 [INFO] PluginManage:359 - Loaded plugin updater (category:base,tabindex:12)
2025-10-02 16:25:35,195 [INFO] PluginManage:310 - Check plugin userauth
2025-10-02 16:25:35,199 [INFO] UserAuth:114 - Init User Auth plugin
2025-10-02 16:25:35,200 [INFO] PluginManage:359 - Loaded plugin userauth (category:base,tabindex:14)
2025-10-02 16:25:35,200 [INFO] PluginManage:283 - PluginManage : Loaded plugins [17]
2025-10-02 16:25:35,388 [INFO] PinOutPanel:1499 - setPackage(No Configuration,No Configuration)
2025-10-02 16:25:35,443 [INFO] CADModel:165 - CPN selected for project level
2025-10-02 16:25:35,445 [INFO] CADModel:114 - Register for checkConnection events
2025-10-02 16:25:35,480 [INFO] IPUIPlugin:80 - create IPUIPlugin
2025-10-02 16:25:35,480 [INFO] PluginManager:220 - loadIPPluginJar : add adc
2025-10-02 16:25:35,565 [INFO] IPUIPlugin:80 - create IPUIPlugin
2025-10-02 16:25:35,566 [INFO] PluginManager:220 - loadIPPluginJar : add aes
2025-10-02 16:25:35,704 [INFO] IPUIPlugin:80 - create IPUIPlugin
2025-10-02 16:25:35,704 [INFO] PluginManager:220 - loadIPPluginJar : add can
2025-10-02 16:25:35,794 [INFO] IPUIPlugin:80 - create IPUIPlugin
2025-10-02 16:25:35,795 [INFO] PluginManager:220 - loadIPPluginJar : add comp
2025-10-02 16:25:35,915 [INFO] IPUIPlugin:80 - create IPUIPlugin
2025-10-02 16:25:35,916 [INFO] PluginManager:220 - loadIPPluginJar : add cryp
2025-10-02 16:25:36,014 [INFO] IPUIPlugin:80 - create IPUIPlugin
2025-10-02 16:25:36,014 [INFO] PluginManager:220 - loadIPPluginJar : add dfsdm
2025-10-02 16:25:36,035 [INFO] IPUIPlugin:80 - create IPUIPlugin
2025-10-02 16:25:36,036 [INFO] PluginManager:220 - loadIPPluginJar : add dma
2025-10-02 16:25:36,170 [INFO] IPUIPlugin:80 - create IPUIPlugin
2025-10-02 16:25:36,170 [INFO] PluginManager:220 - loadIPPluginJar : add dma3
2025-10-02 16:25:36,234 [INFO] IPUIPlugin:80 - create IPUIPlugin
2025-10-02 16:25:36,235 [INFO] PluginManager:220 - loadIPPluginJar : add fatfs
2025-10-02 16:25:36,371 [INFO] IPUIPlugin:80 - create IPUIPlugin
2025-10-02 16:25:36,371 [INFO] PluginManager:220 - loadIPPluginJar : add fmc
2025-10-02 16:25:36,416 [INFO] IPUIPlugin:80 - create IPUIPlugin
2025-10-02 16:25:36,416 [INFO] PluginManager:220 - loadIPPluginJar : add freertos
2025-10-02 16:25:36,487 [INFO] IPUIPlugin:80 - create IPUIPlugin
2025-10-02 16:25:36,487 [INFO] PluginManager:220 - loadIPPluginJar : add genericplugin
2025-10-02 16:25:36,770 [INFO] IPUIPlugin:80 - create IPUIPlugin
2025-10-02 16:25:36,770 [INFO] PluginManager:220 - loadIPPluginJar : add gfxmmu
2025-10-02 16:25:37,164 [INFO] IPUIPlugin:80 - create IPUIPlugin
2025-10-02 16:25:37,164 [INFO] PluginManager:220 - loadIPPluginJar : add gic
2025-10-02 16:25:37,200 [INFO] IPUIPlugin:80 - create IPUIPlugin
2025-10-02 16:25:37,200 [INFO] PluginManager:220 - loadIPPluginJar : add gpio
2025-10-02 16:25:37,504 [INFO] IPUIPlugin:80 - create IPUIPlugin
2025-10-02 16:25:37,504 [INFO] PluginManager:220 - loadIPPluginJar : add gtzc
2025-10-02 16:25:37,596 [INFO] IPUIPlugin:80 - create IPUIPlugin
2025-10-02 16:25:37,596 [INFO] PluginManager:220 - loadIPPluginJar : add hash
2025-10-02 16:25:37,761 [INFO] IPUIPlugin:80 - create IPUIPlugin
2025-10-02 16:25:37,761 [INFO] PluginManager:220 - loadIPPluginJar : add i2c
2025-10-02 16:25:37,848 [INFO] ThirdPartyUpdaterWithRetryManager:70 - Updater plugin not ready yet. [2/15]
2025-10-02 16:25:37,877 [INFO] IPUIPlugin:80 - create IPUIPlugin
2025-10-02 16:25:37,878 [INFO] PluginManager:220 - loadIPPluginJar : add i2s
2025-10-02 16:25:37,998 [INFO] IPUIPlugin:80 - create IPUIPlugin
2025-10-02 16:25:37,998 [INFO] PluginManager:220 - loadIPPluginJar : add i3c
2025-10-02 16:25:38,322 [INFO] IPUIPlugin:80 - create IPUIPlugin
2025-10-02 16:25:38,323 [INFO] PluginManager:220 - loadIPPluginJar : add ipddr
2025-10-02 16:25:38,610 [INFO] IPUIPlugin:80 - create IPUIPlugin
2025-10-02 16:25:38,610 [INFO] PluginManager:220 - loadIPPluginJar : add linkedlist
2025-10-02 16:25:38,727 [INFO] IPUIPlugin:80 - create IPUIPlugin
2025-10-02 16:25:38,727 [INFO] PluginManager:220 - loadIPPluginJar : add lorawan
2025-10-02 16:25:38,840 [INFO] IPUIPlugin:80 - create IPUIPlugin
2025-10-02 16:25:38,841 [INFO] PluginManager:220 - loadIPPluginJar : add ltdc
2025-10-02 16:25:38,873 [INFO] IPUIPlugin:80 - create IPUIPlugin
2025-10-02 16:25:38,875 [INFO] PluginManager:220 - loadIPPluginJar : add mdma
2025-10-02 16:25:38,891 [INFO] IPUIPlugin:80 - create IPUIPlugin
2025-10-02 16:25:38,891 [INFO] PluginManager:220 - loadIPPluginJar : add nvic
2025-10-02 16:25:38,958 [INFO] IPUIPlugin:80 - create IPUIPlugin
2025-10-02 16:25:38,958 [INFO] PluginManager:220 - loadIPPluginJar : add opamp
2025-10-02 16:25:39,126 [INFO] IPUIPlugin:80 - create IPUIPlugin
2025-10-02 16:25:39,126 [INFO] PluginManager:220 - loadIPPluginJar : add openamp
2025-10-02 16:25:39,239 [INFO] IPUIPlugin:80 - create IPUIPlugin
2025-10-02 16:25:39,239 [INFO] PluginManager:220 - loadIPPluginJar : add pdm2pcm
2025-10-02 16:25:39,260 [INFO] IPUIPlugin:80 - create IPUIPlugin
2025-10-02 16:25:39,261 [INFO] PluginManager:220 - loadIPPluginJar : add plateformsettings
2025-10-02 16:25:39,330 [INFO] IPUIPlugin:80 - create IPUIPlugin
2025-10-02 16:25:39,330 [INFO] PluginManager:220 - loadIPPluginJar : add quadspi
2025-10-02 16:25:39,372 [INFO] IPUIPlugin:80 - create IPUIPlugin
2025-10-02 16:25:39,372 [INFO] PluginManager:220 - loadIPPluginJar : add resmgrutility
2025-10-02 16:25:39,515 [INFO] IPUIPlugin:80 - create IPUIPlugin
2025-10-02 16:25:39,515 [INFO] PluginManager:220 - loadIPPluginJar : add sai
2025-10-02 16:25:39,624 [INFO] IPUIPlugin:80 - create IPUIPlugin
2025-10-02 16:25:39,624 [INFO] PluginManager:220 - loadIPPluginJar : add spi
2025-10-02 16:25:39,812 [INFO] IPUIPlugin:80 - create IPUIPlugin
2025-10-02 16:25:39,812 [INFO] PluginManager:220 - loadIPPluginJar : add stm32_wpan
2025-10-02 16:25:39,893 [INFO] IPUIPlugin:80 - create IPUIPlugin
2025-10-02 16:25:39,893 [INFO] PluginManager:220 - loadIPPluginJar : add tim
2025-10-02 16:25:40,070 [INFO] IPUIPlugin:80 - create IPUIPlugin
2025-10-02 16:25:40,071 [INFO] PluginManager:220 - loadIPPluginJar : add touchsensing
2025-10-02 16:25:40,135 [INFO] IPUIPlugin:80 - create IPUIPlugin
2025-10-02 16:25:40,135 [INFO] PluginManager:220 - loadIPPluginJar : add tracer_emb
2025-10-02 16:25:40,200 [INFO] IPUIPlugin:80 - create IPUIPlugin
2025-10-02 16:25:40,200 [INFO] PluginManager:220 - loadIPPluginJar : add ts
2025-10-02 16:25:40,279 [INFO] IPUIPlugin:80 - create IPUIPlugin
2025-10-02 16:25:40,279 [INFO] PluginManager:220 - loadIPPluginJar : add tsc
2025-10-02 16:25:40,359 [INFO] IPUIPlugin:80 - create IPUIPlugin
2025-10-02 16:25:40,359 [INFO] PluginManager:220 - loadIPPluginJar : add ucpd
2025-10-02 16:25:40,479 [INFO] IPUIPlugin:80 - create IPUIPlugin
2025-10-02 16:25:40,479 [INFO] PluginManager:220 - loadIPPluginJar : add usart
2025-10-02 16:25:40,619 [INFO] IPUIPlugin:80 - create IPUIPlugin
2025-10-02 16:25:40,619 [INFO] PluginManager:220 - loadIPPluginJar : add usbx
2025-10-02 16:25:40,733 [INFO] CADModel:165 - CPN selected for project level
2025-10-02 16:25:40,734 [INFO] CADModel:114 - Register for checkConnection events
2025-10-02 16:25:40,734 [FATAL] Updater:308 - Updater called before beeing initialized
2025-10-02 16:25:40,734 [ERROR] CADModel:125 - Updater not yet initialized, retry later 
2025-10-02 16:25:40,844 [INFO] CADModel:165 - CPN selected for project level
2025-10-02 16:25:40,844 [INFO] CADModel:114 - Register for checkConnection events
2025-10-02 16:25:40,844 [FATAL] Updater:308 - Updater called before beeing initialized
2025-10-02 16:25:40,844 [ERROR] CADModel:125 - Updater not yet initialized, retry later 
2025-10-02 16:25:40,847 [FATAL] Updater:308 - Updater called before beeing initialized
2025-10-02 16:25:40,849 [INFO] ThirdPartyUpdaterWithRetryManager:70 - Updater plugin not ready yet. [3/15]
2025-10-02 16:25:40,919 [FATAL] Updater:308 - Updater called before beeing initialized
2025-10-02 16:25:40,936 [INFO] DbMcusAds:53 - JSON generation date=Tue Jul 08 15:14:27 ICT 2025 (1751962467633)
2025-10-02 16:25:40,936 [FATAL] Updater:308 - Updater called before beeing initialized
2025-10-02 16:25:41,019 [WARN] DetailPanel:346 - Failed to get advertising image, set to default
2025-10-02 16:25:41,101 [FATAL] Updater:308 - Updater called before beeing initialized
2025-10-02 16:25:41,104 [FATAL] Updater:308 - Updater called before beeing initialized
2025-10-02 16:25:41,104 [FATAL] Updater:308 - Updater called before beeing initialized
2025-10-02 16:25:41,104 [WARN] DetailPanel:346 - Failed to get advertising image, set to default
2025-10-02 16:25:41,104 [FATAL] Updater:308 - Updater called before beeing initialized
2025-10-02 16:25:41,170 [ERROR] Updater:1120 - MainUpdater not yet initialized. External WinMGr cannot be set.
2025-10-02 16:25:41,191 [INFO] Updater:1056 - Updater Version found : 6.10.0
2025-10-02 16:25:41,210 [INFO] ApplicationProperties:184 - Using Application install path: E:\ST\STM32CubeIDE_1.14.0\STM32CubeIDE\plugins\com.st.stm32cube.common.mx_6.10.0.202311202037
2025-10-02 16:25:41,569 [INFO] MainUpdater:2873 - connection check result : 10
2025-10-02 16:25:41,570 [INFO] MainUpdater:290 - Updater Check For Update Now.
2025-10-02 16:25:41,570 [INFO] MicroXplorer:498 - Change Database Version : DB.6.0.100
2025-10-02 16:25:41,589 [INFO] McuFinderGlobals:63 - Set McuFinder mode to 2 (CubeIDE integrated)
2025-10-02 16:25:41,802 [INFO] CheckServerUpdateThread:120 - End of CheckServer Thread
2025-10-02 16:25:42,054 [INFO] UserAuth:404 - Internet connection configuration mode: 1
2025-10-02 16:25:42,088 [INFO] JxBrowserEngine:152 - Initiate JxBrowser Engine with user profile folder
2025-10-02 16:25:44,130 [WARN] PackLoader:240 - Cannot read IP mode file for STMicroelectronics.FP-SNS-MOTENVWB1.1.4.0
2025-10-02 16:25:44,162 [WARN] PackLoader:240 - Cannot read IP mode file for STMicroelectronics.FP-ATR-ASTRA1.2.0.2
2025-10-02 16:25:44,183 [WARN] PackLoader:240 - Cannot read IP mode file for STMicroelectronics.FP-ATR-ASTRA1.2.0.1
2025-10-02 16:25:44,209 [WARN] PackLoader:240 - Cannot read IP mode file for STMicroelectronics.X-CUBE-SMBUS.2.1.0
2025-10-02 16:25:44,238 [WARN] PackLoader:240 - Cannot read IP mode file for STMicroelectronics.X-CUBE-WB05N.1.1.0
2025-10-02 16:25:44,261 [ERROR] Engine:466 - C:\Users\duyss\.stm32cubemx\thirdparties\pdsc\STMicroelectronics.X-CUBE-ST60.1.0.0.pdsc: PDSC version is not supported
2025-10-02 16:25:44,285 [WARN] PackLoader:240 - Cannot read IP mode file for STMicroelectronics.X-CUBE-TOUCHGFX.4.23.0
2025-10-02 16:25:44,310 [WARN] PackLoader:240 - Cannot read IP mode file for STMicroelectronics.X-CUBE-TOUCHGFX.4.23.2
2025-10-02 16:25:44,380 [WARN] PackLoader:240 - Cannot read IP mode file for STMicroelectronics.X-CUBE-AZRTOS-F7.1.1.0
2025-10-02 16:25:44,417 [WARN] PackLoader:240 - Cannot read IP mode file for STMicroelectronics.FP-SNS-MOTENV1.4.3.2
2025-10-02 16:25:44,535 [WARN] PackLoader:240 - Cannot read IP mode file for STMicroelectronics.X-CUBE-MEMS1.11.0.0
2025-10-02 16:25:44,814 [WARN] PackLoader:240 - Cannot read IP mode file for STMicroelectronics.FP-SNS-FLIGHT1.5.0.2
2025-10-02 16:25:44,884 [WARN] PackLoader:240 - Cannot read IP mode file for STMicroelectronics.X-CUBE-AZRTOS-H7.3.4.0
2025-10-02 16:25:44,930 [WARN] PackLoader:240 - Cannot read IP mode file for STMicroelectronics.X-CUBE-DISPLAY.3.0.0
2025-10-02 16:25:44,967 [WARN] PackLoader:240 - Cannot read IP mode file for STMicroelectronics.X-CUBE-BLE1.7.0.0
2025-10-02 16:25:45,005 [WARN] PackLoader:240 - Cannot read IP mode file for STMicroelectronics.X-CUBE-NFC10.1.0.0
2025-10-02 16:25:45,051 [WARN] PackLoader:240 - Cannot read IP mode file for STMicroelectronics.X-CUBE-BLEMGR.4.0.0
2025-10-02 16:25:45,093 [WARN] PackLoader:240 - Cannot read IP mode file for emotas.I-CUBE-CANOPEN.1.3.0
2025-10-02 16:25:45,131 [WARN] PackLoader:240 - Cannot read IP mode file for STMicroelectronics.X-CUBE-BLEMGR.3.1.0
2025-10-02 16:25:45,165 [WARN] PackLoader:240 - Cannot read IP mode file for STMicroelectronics.X-CUBE-AI.10.0.0
2025-10-02 16:25:45,200 [ERROR] Engine:466 - C:\Users\duyss\.stm32cubemx\thirdparties\pdsc\STMicroelectronics.FP-SNS-STBOX1.2.1.0.pdsc: PDSC version is not supported
2025-10-02 16:25:45,233 [WARN] PackLoader:240 - Cannot read IP mode file for STMicroelectronics.FP-SNS-SMARTAG2.1.2.0
2025-10-02 16:25:45,265 [ERROR] Engine:466 - C:\Users\duyss\.stm32cubemx\thirdparties\pdsc\STMicroelectronics.FP-SNS-FLIGHT1.5.1.0.pdsc: PDSC version is not supported
2025-10-02 16:25:45,391 [WARN] PackLoader:240 - Cannot read IP mode file for STMicroelectronics.X-CUBE-MEMS1.11.1.0
2025-10-02 16:25:45,614 [INFO] LogOutputStream:77 - [STDOUT_REDIRECT] 1 : Invalid condition id : UX_CORESTACK_Condition cause : null
2025-10-02 16:25:45,616 [INFO] LogOutputStream:77 - [STDOUT_REDIRECT] 1 : Invalid condition id : UX_CORESTACK_Condition cause : null
2025-10-02 16:25:45,619 [INFO] LogOutputStream:77 - [STDOUT_REDIRECT] 1 : Invalid condition id : UX_CORESTACK_Condition cause : null
2025-10-02 16:25:45,622 [INFO] LogOutputStream:77 - [STDOUT_REDIRECT] 1 : Invalid condition id : UX_CORESTACK_Condition cause : null
2025-10-02 16:25:45,625 [INFO] LogOutputStream:77 - [STDOUT_REDIRECT] 1 : Invalid condition id : UX_CORESTACK_Condition cause : null
2025-10-02 16:25:45,629 [WARN] PackLoader:240 - Cannot read IP mode file for STMicroelectronics.X-CUBE-AZRTOS-WL.2.0.0
2025-10-02 16:25:45,661 [WARN] PackLoader:240 - Cannot read IP mode file for STMicroelectronics.FP-SNS-MOTENV1.5.0.0
2025-10-02 16:25:45,692 [WARN] PackLoader:240 - Cannot read IP mode file for wolfSSL.I-CUBE-wolfMQTT.1.19.0
2025-10-02 16:25:45,728 [WARN] PackLoader:240 - Cannot read IP mode file for WES.I-CUBE-Cesium.1.3.0
2025-10-02 16:25:45,761 [WARN] PackLoader:240 - Cannot read IP mode file for STMicroelectronics.X-CUBE-BLE2.3.3.0
2025-10-02 16:25:45,796 [WARN] PackLoader:240 - Cannot read IP mode file for STMicroelectronics.X-CUBE-NFC9.1.0.0
2025-10-02 16:25:45,829 [WARN] PackLoader:240 - Cannot read IP mode file for STMicroelectronics.X-CUBE-BLE1.7.1.0
2025-10-02 16:25:45,865 [WARN] PackLoader:240 - Cannot read IP mode file for STMicroelectronics.X-CUBE-TCPP.4.1.0
2025-10-02 16:25:45,921 [WARN] PackLoader:240 - Cannot read IP mode file for STMicroelectronics.X-CUBE-EEPRMA1.5.2.0
2025-10-02 16:25:45,975 [WARN] PackLoader:240 - Cannot read IP mode file for STMicroelectronics.X-CUBE-ALGOBUILD.1.3.0
2025-10-02 16:25:46,041 [WARN] PackLoader:240 - Cannot read IP mode file for STMicroelectronics.X-CUBE-AZRTOS-G0.1.1.0
2025-10-02 16:25:46,085 [WARN] PackLoader:240 - Cannot read IP mode file for STMicroelectronics.X-CUBE-SAFEA1.1.2.2
2025-10-02 16:25:46,119 [WARN] PackLoader:240 - Cannot read IP mode file for STMicroelectronics.X-CUBE-NFC4.3.0.0
2025-10-02 16:25:46,166 [WARN] PackLoader:240 - Cannot read IP mode file for EmbeddedOffice.I-CUBE-FS-RTOS.1.0.1
2025-10-02 16:25:46,166 [ERROR] ConditionMgr:805 - Attr not supported : Dmpu
2025-10-02 16:25:46,167 [ERROR] ConditionMgr:805 - Attr not supported : Dmpu
2025-10-02 16:25:46,167 [ERROR] ConditionMgr:805 - Attr not supported : Dmpu
2025-10-02 16:25:46,167 [ERROR] ConditionMgr:805 - Attr not supported : Dmpu
2025-10-02 16:25:46,167 [ERROR] ConditionMgr:805 - Attr not supported : Dmpu
2025-10-02 16:25:46,167 [ERROR] ConditionMgr:805 - Attr not supported : Dmpu
2025-10-02 16:25:46,168 [ERROR] ConditionMgr:805 - Attr not supported : Dmpu
2025-10-02 16:25:46,168 [ERROR] ConditionMgr:805 - Attr not supported : Dmpu
2025-10-02 16:25:46,168 [ERROR] ConditionMgr:805 - Attr not supported : Dmpu
2025-10-02 16:25:46,168 [ERROR] ConditionMgr:805 - Attr not supported : Dmpu
2025-10-02 16:25:46,169 [ERROR] ConditionMgr:805 - Attr not supported : Dmpu
2025-10-02 16:25:46,169 [ERROR] ConditionMgr:805 - Attr not supported : Dmpu
2025-10-02 16:25:46,169 [ERROR] ConditionMgr:805 - Attr not supported : Dmpu
2025-10-02 16:25:46,169 [ERROR] ConditionMgr:805 - Attr not supported : Dmpu
2025-10-02 16:25:46,170 [ERROR] ConditionMgr:805 - Attr not supported : Dmpu
2025-10-02 16:25:46,170 [ERROR] ConditionMgr:805 - Attr not supported : Dmpu
2025-10-02 16:25:46,170 [ERROR] ConditionMgr:805 - Attr not supported : Dmpu
2025-10-02 16:25:46,170 [ERROR] ConditionMgr:805 - Attr not supported : Dmpu
2025-10-02 16:25:46,170 [ERROR] ConditionMgr:805 - Attr not supported : Dmpu
2025-10-02 16:25:46,171 [ERROR] ConditionMgr:805 - Attr not supported : Dmpu
2025-10-02 16:25:46,171 [ERROR] ConditionMgr:805 - Attr not supported : Dmpu
2025-10-02 16:25:46,171 [ERROR] ConditionMgr:805 - Attr not supported : Dmpu
2025-10-02 16:25:46,171 [ERROR] ConditionMgr:805 - Attr not supported : Dmpu
2025-10-02 16:25:46,171 [ERROR] ConditionMgr:805 - Attr not supported : Dmpu
2025-10-02 16:25:46,172 [ERROR] ConditionMgr:805 - Attr not supported : Dmpu
2025-10-02 16:25:46,172 [ERROR] ConditionMgr:805 - Attr not supported : Dmpu
2025-10-02 16:25:46,172 [ERROR] ConditionMgr:805 - Attr not supported : Dmpu
2025-10-02 16:25:46,172 [ERROR] ConditionMgr:805 - Attr not supported : Dmpu
2025-10-02 16:25:46,172 [ERROR] ConditionMgr:805 - Attr not supported : Dmpu
2025-10-02 16:25:46,172 [ERROR] ConditionMgr:805 - Attr not supported : Dmpu
2025-10-02 16:25:46,173 [ERROR] ConditionMgr:805 - Attr not supported : Dmpu
2025-10-02 16:25:46,173 [ERROR] ConditionMgr:805 - Attr not supported : Dmpu
2025-10-02 16:25:46,173 [ERROR] ConditionMgr:805 - Attr not supported : Dmpu
2025-10-02 16:25:46,173 [ERROR] ConditionMgr:805 - Attr not supported : Dmpu
2025-10-02 16:25:46,173 [ERROR] ConditionMgr:805 - Attr not supported : Dmpu
2025-10-02 16:25:46,173 [ERROR] ConditionMgr:805 - Attr not supported : Dmpu
2025-10-02 16:25:46,175 [ERROR] ConditionMgr:805 - Attr not supported : Dmpu
2025-10-02 16:25:46,175 [ERROR] ConditionMgr:805 - Attr not supported : Dmpu
2025-10-02 16:25:46,175 [ERROR] ConditionMgr:805 - Attr not supported : Dmpu
2025-10-02 16:25:46,175 [ERROR] ConditionMgr:805 - Attr not supported : Dmpu
2025-10-02 16:25:46,175 [ERROR] ConditionMgr:805 - Attr not supported : Dmpu
2025-10-02 16:25:46,175 [ERROR] ConditionMgr:805 - Attr not supported : Dmpu
2025-10-02 16:25:46,176 [ERROR] ConditionMgr:805 - Attr not supported : Dmpu
2025-10-02 16:25:46,176 [ERROR] ConditionMgr:805 - Attr not supported : Dmpu
2025-10-02 16:25:46,176 [ERROR] ConditionMgr:805 - Attr not supported : Dmpu
2025-10-02 16:25:46,176 [ERROR] ConditionMgr:805 - Attr not supported : Dmpu
2025-10-02 16:25:46,176 [ERROR] ConditionMgr:805 - Attr not supported : Dmpu
2025-10-02 16:25:46,176 [ERROR] ConditionMgr:805 - Attr not supported : Dmpu
2025-10-02 16:25:46,176 [ERROR] ConditionMgr:805 - Attr not supported : Dmpu
2025-10-02 16:25:46,177 [ERROR] ConditionMgr:805 - Attr not supported : Dmpu
2025-10-02 16:25:46,177 [ERROR] ConditionMgr:805 - Attr not supported : Dmpu
2025-10-02 16:25:46,177 [ERROR] ConditionMgr:805 - Attr not supported : Dmpu
2025-10-02 16:25:46,177 [ERROR] ConditionMgr:805 - Attr not supported : Dmpu
2025-10-02 16:25:46,177 [ERROR] ConditionMgr:805 - Attr not supported : Dmpu
2025-10-02 16:25:46,177 [ERROR] ConditionMgr:805 - Attr not supported : Dmpu
2025-10-02 16:25:46,177 [ERROR] ConditionMgr:805 - Attr not supported : Dmpu
2025-10-02 16:25:46,178 [ERROR] ConditionMgr:805 - Attr not supported : Dmpu
2025-10-02 16:25:46,178 [ERROR] ConditionMgr:805 - Attr not supported : Dmpu
2025-10-02 16:25:46,178 [ERROR] ConditionMgr:805 - Attr not supported : Dmpu
2025-10-02 16:25:46,178 [ERROR] ConditionMgr:805 - Attr not supported : Dmpu
2025-10-02 16:25:46,178 [ERROR] ConditionMgr:805 - Attr not supported : Dmpu
2025-10-02 16:25:46,178 [ERROR] ConditionMgr:805 - Attr not supported : Dmpu
2025-10-02 16:25:46,178 [ERROR] ConditionMgr:805 - Attr not supported : Dmpu
2025-10-02 16:25:46,178 [ERROR] ConditionMgr:805 - Attr not supported : Dmpu
2025-10-02 16:25:46,213 [WARN] PackLoader:240 - Cannot read IP mode file for STMicroelectronics.X-CUBE-WB05N.2.0.0
2025-10-02 16:25:46,250 [WARN] PackLoader:240 - Cannot read IP mode file for STMicroelectronics.X-CUBE-BLEMGR.3.0.0
2025-10-02 16:25:46,286 [ERROR] Engine:466 - C:\Users\duyss\.stm32cubemx\thirdparties\pdsc\STMicroelectronics.X-CUBE-TCPP.4.2.0.pdsc: PDSC version is not supported
2025-10-02 16:25:46,320 [WARN] PackLoader:240 - Cannot read IP mode file for RealThread.X-CUBE-RT-Thread_Nano.4.1.1
2025-10-02 16:25:46,351 [WARN] PackLoader:240 - Cannot read IP mode file for STMicroelectronics.FP-ATR-SIGFOX1.3.2.0
2025-10-02 16:25:46,382 [WARN] ConditionMgr:438 - getConditionDescription Invalid condition id : Cortex-A Device cause : null
2025-10-02 16:25:46,440 [WARN] ConditionMgr:1039 - genDependencies : Invalid condition id : Cortex-A Device cause : null
2025-10-02 16:25:46,441 [WARN] ConditionMgr:1039 - genDependencies : Invalid condition id : Cortex-A Device cause : null
2025-10-02 16:25:46,441 [WARN] ConditionMgr:1039 - genDependencies : Invalid condition id : Cortex-A Device cause : null
2025-10-02 16:25:46,474 [WARN] PackLoader:240 - Cannot read IP mode file for STMicroelectronics.X-CUBE-EEPRMA1.5.1.0
2025-10-02 16:25:46,506 [ERROR] Engine:466 - C:\Users\duyss\.stm32cubemx\thirdparties\pdsc\STMicroelectronics.X-CUBE-ST67W61.1.0.0.pdsc: PDSC version is not supported
2025-10-02 16:25:46,536 [WARN] PackLoader:240 - Cannot read IP mode file for STMicroelectronics.X-CUBE-AI.10.2.0
2025-10-02 16:25:46,594 [WARN] PackLoader:240 - Cannot read IP mode file for SEGGER.I-CUBE-embOS.1.3.1
2025-10-02 16:25:46,657 [WARN] PackLoader:240 - Cannot read IP mode file for STMicroelectronics.X-CUBE-ALGOBUILD.1.4.0
2025-10-02 16:25:46,733 [WARN] PackLoader:240 - Cannot read IP mode file for STMicroelectronics.X-CUBE-MEMS1.11.3.0
2025-10-02 16:25:46,927 [WARN] PackLoader:240 - Cannot read IP mode file for STMicroelectronics.X-CUBE-AI.9.1.0
2025-10-02 16:25:46,966 [WARN] PackLoader:240 - Cannot read IP mode file for STMicroelectronics.X-CUBE-PM33A1.1.0.0
2025-10-02 16:25:47,031 [WARN] PackLoader:240 - Cannot read IP mode file for STMicroelectronics.X-CUBE-GNSS1.6.0.0
2025-10-02 16:25:47,083 [WARN] PackLoader:240 - Cannot read IP mode file for STMicroelectronics.X-CUBE-AZRTOS-F4.1.1.0
2025-10-02 16:25:47,108 [ERROR] Engine:466 - C:\Users\duyss\.stm32cubemx\thirdparties\pdsc\Avnet-IotConnect.X-CUBE-IoTC-DA16k-PMOD.1.0.0.pdsc: PDSC version is not supported
2025-10-02 16:25:47,134 [WARN] PackLoader:240 - Cannot read IP mode file for STMicroelectronics.X-CUBE-ISPU.2.1.0
2025-10-02 16:25:47,163 [WARN] PackLoader:240 - Cannot read IP mode file for STMicroelectronics.X-CUBE-FREERTOS.1.2.0
2025-10-02 16:25:47,228 [WARN] PackLoader:240 - Cannot read IP mode file for wolfSSL.I-CUBE-wolfSSL.5.6.6
2025-10-02 16:25:47,257 [WARN] PackLoader:240 - Cannot read IP mode file for STMicroelectronics.X-CUBE-NFC12.1.0.0
2025-10-02 16:25:47,309 [WARN] PackLoader:240 - Cannot read IP mode file for STMicroelectronics.X-CUBE-AZRTOS-L5.2.0.0
2025-10-02 16:25:47,346 [WARN] PackLoader:240 - Cannot read IP mode file for STMicroelectronics.X-CUBE-NFC6.3.1.0
2025-10-02 16:25:47,380 [WARN] PackLoader:240 - Cannot read IP mode file for ITTIA_DB.I-CUBE-ITTIADB.8.8.0
2025-10-02 16:25:47,411 [WARN] PackLoader:240 - Cannot read IP mode file for STMicroelectronics.X-CUBE-DPower.1.2.0
2025-10-02 16:25:47,437 [WARN] PackLoader:240 - Cannot read IP mode file for STMicroelectronics.X-CUBE-AI.9.0.0
2025-10-02 16:25:47,464 [WARN] PackLoader:240 - Cannot read IP mode file for STMicroelectronics.X-CUBE-FREERTOS.1.3.1
2025-10-02 16:25:47,498 [WARN] PackLoader:240 - Cannot read IP mode file for STMicroelectronics.X-CUBE-FREERTOS.1.3.0
2025-10-02 16:25:47,526 [WARN] PackLoader:240 - Cannot read IP mode file for STMicroelectronics.X-CUBE-NFC7.1.0.1
2025-10-02 16:25:47,539 [INFO] WebApp:161 - Instantiating new browser for Auth
2025-10-02 16:25:47,554 [WARN] PackLoader:240 - Cannot read IP mode file for STMicroelectronics.X-CUBE-NFC6.3.0.0
2025-10-02 16:25:47,582 [ERROR] Engine:466 - C:\Users\duyss\.stm32cubemx\thirdparties\pdsc\STMicroelectronics.FP-SNS-STAIOTCFT.1.0.0.pdsc: PDSC version is not supported
2025-10-02 16:25:47,615 [WARN] PackLoader:240 - Cannot read IP mode file for STMicroelectronics.X-CUBE-DPower.1.3.0
2025-10-02 16:25:47,643 [WARN] PackLoader:240 - Cannot read IP mode file for STMicroelectronics.X-CUBE-AI.8.1.0
2025-10-02 16:25:47,696 [WARN] ConditionMgr:438 - getConditionDescription Invalid condition id : LAN8742 Phy interface Condition cause : null
2025-10-02 16:25:47,696 [WARN] PackLoader:240 - Cannot read IP mode file for STMicroelectronics.X-CUBE-AZRTOS-L4.2.0.0
2025-10-02 16:25:47,698 [WARN] ConditionMgr:1039 - genDependencies : Invalid condition id : LAN8742 Phy interface Condition cause : null
2025-10-02 16:25:47,698 [WARN] ConditionMgr:1039 - genDependencies : Invalid condition id : LAN8742 Phy interface Condition cause : null
2025-10-02 16:25:47,699 [WARN] ConditionMgr:1039 - genDependencies : Invalid condition id : LAN8742 Phy interface Condition cause : null
2025-10-02 16:25:47,732 [WARN] PackLoader:240 - Cannot read IP mode file for STMicroelectronics.X-CUBE-SFXS2LP1.4.0.0
2025-10-02 16:25:47,784 [WARN] PackLoader:240 - Cannot read IP mode file for STMicroelectronics.X-CUBE-AZRTOS-H7.3.3.0
2025-10-02 16:25:47,817 [ERROR] Engine:466 - C:\Users\duyss\.stm32cubemx\thirdparties\pdsc\STMicroelectronics.X-CUBE-BLEMGR.4.1.0.pdsc: PDSC version is not supported
2025-10-02 16:25:47,848 [WARN] PackLoader:240 - Cannot read IP mode file for STMicroelectronics.X-CUBE-IPS.3.0.0
2025-10-02 16:25:47,893 [WARN] ConditionMgr:438 - getConditionDescription Invalid condition id : UX DEVICE CLASS RTOS Condition cause : null
2025-10-02 16:25:47,895 [WARN] ConditionMgr:438 - getConditionDescription Invalid condition id : UX DEVICE CLASS RTOS Condition cause : null
2025-10-02 16:25:47,897 [WARN] PackLoader:240 - Cannot read IP mode file for STMicroelectronics.X-CUBE-AZRTOS-WB.2.0.0
2025-10-02 16:25:47,897 [WARN] ConditionMgr:1039 - genDependencies : Invalid condition id : UX DEVICE CLASS RTOS Condition cause : null
2025-10-02 16:25:47,897 [WARN] ConditionMgr:1039 - genDependencies : Invalid condition id : UX DEVICE CLASS RTOS Condition cause : null
2025-10-02 16:25:47,898 [WARN] ConditionMgr:1039 - genDependencies : Invalid condition id : UX DEVICE CLASS RTOS Condition cause : null
2025-10-02 16:25:47,898 [WARN] ConditionMgr:1039 - genDependencies : Invalid condition id : UX DEVICE CLASS RTOS Condition cause : null
2025-10-02 16:25:47,898 [WARN] ConditionMgr:1039 - genDependencies : Invalid condition id : UX DEVICE CLASS RTOS Condition cause : null
2025-10-02 16:25:47,921 [WARN] PackLoader:240 - Cannot read IP mode file for STMicroelectronics.X-CUBE-GNSS1.7.0.0
2025-10-02 16:25:47,963 [WARN] PackLoader:240 - Cannot read IP mode file for STMicroelectronics.X-CUBE-GNSS1.7.0.1
2025-10-02 16:25:47,986 [WARN] PackLoader:240 - Cannot read IP mode file for STMicroelectronics.X-CUBE-TOUCHGFX.4.25.0
2025-10-02 16:25:48,015 [WARN] PackLoader:240 - Cannot read IP mode file for STMicroelectronics.FP-SNS-STBOX1.2.0.0
2025-10-02 16:25:48,041 [WARN] PackLoader:240 - Cannot read IP mode file for STMicroelectronics.X-CUBE-SUBG2.5.0.0
2025-10-02 16:25:48,091 [WARN] PackLoader:240 - Cannot read IP mode file for STMicroelectronics.X-CUBE-AZRTOS-H7RS.1.1.0
2025-10-02 16:25:48,127 [WARN] PackLoader:240 - Cannot read IP mode file for Cesanta.I-CUBE-Mongoose.7.13.0
2025-10-02 16:25:48,174 [WARN] PackLoader:240 - Cannot read IP mode file for STMicroelectronics.X-CUBE-AZRTOS-G4.2.0.0
2025-10-02 16:25:48,210 [WARN] PackLoader:240 - Cannot read IP mode file for Infineon.AIROC-Wi-Fi-Bluetooth-STM32.1.5.1
2025-10-02 16:25:48,241 [WARN] PackLoader:240 - Cannot read IP mode file for STMicroelectronics.X-CUBE-NFC7.2.0.0
2025-10-02 16:25:48,285 [WARN] PackLoader:240 - Cannot read IP mode file for STMicroelectronics.FP-SNS-MOTENVWB1.1.3.1
2025-10-02 16:25:48,309 [WARN] PackLoader:240 - Cannot read IP mode file for STMicroelectronics.X-CUBE-ISPU.2.0.0
2025-10-02 16:25:48,334 [WARN] PackLoader:240 - Cannot read IP mode file for STMicroelectronics.X-CUBE-ALS.1.0.2
2025-10-02 16:25:48,397 [WARN] PackLoader:240 - Cannot read IP mode file for STMicroelectronics.X-CUBE-MEMS1.10.0.0
2025-10-02 16:25:48,494 [INFO] WebApp:780 - Register for checkConnection events
2025-10-02 16:25:48,495 [INFO] WebApp:414 - Apply proxy settings
2025-10-02 16:25:48,495 [INFO] WebApp:499 - Chromium requires no authentication
2025-10-02 16:25:48,511 [INFO] WebApp:442 - Direct internet connection detected
2025-10-02 16:25:48,557 [WARN] PackLoader:240 - Cannot read IP mode file for STMicroelectronics.X-CUBE-FREERTOS.1.1.0
2025-10-02 16:25:48,583 [WARN] PackLoader:240 - Cannot read IP mode file for STMicroelectronics.X-CUBE-TOUCHGFX.4.24.2
2025-10-02 16:25:48,608 [WARN] PackLoader:240 - Cannot read IP mode file for STMicroelectronics.X-CUBE-TOUCHGFX.4.24.1
2025-10-02 16:25:48,640 [WARN] PackLoader:240 - Cannot read IP mode file for STMicroelectronics.X-CUBE-STSE01.1.0.0
2025-10-02 16:25:48,679 [WARN] PackLoader:240 - Cannot read IP mode file for wolfSSL.I-CUBE-wolfTPM.3.4.0
2025-10-02 16:25:48,712 [WARN] PackLoader:240 - Cannot read IP mode file for portGmbH.I-Cube-SoM-uGOAL.1.1.0
2025-10-02 16:25:48,745 [WARN] PackLoader:240 - Cannot read IP mode file for STMicroelectronics.X-CUBE-ALS.1.0.1
2025-10-02 16:25:48,801 [WARN] PackLoader:240 - Cannot read IP mode file for STMicroelectronics.X-CUBE-AZRTOS-H7RS.1.0.0
2025-10-02 16:25:48,830 [WARN] PackLoader:240 - Cannot read IP mode file for STMicroelectronics.FP-ATR-ASTRA1.2.0.0
2025-10-02 16:25:48,866 [WARN] PackLoader:240 - Cannot read IP mode file for STMicroelectronics.X-CUBE-TOF1.3.4.2
2025-10-02 16:25:48,905 [ERROR] Engine:466 - C:\Users\duyss\.stm32cubemx\thirdparties\pdsc\STMicroelectronics.X-CUBE-TOF1.3.4.3.pdsc: PDSC version is not supported
2025-10-02 16:25:48,940 [WARN] PackLoader:240 - Cannot read IP mode file for STMicroelectronics.X-CUBE-TOF1.3.4.0
2025-10-02 16:25:48,989 [WARN] PackLoader:240 - Cannot read IP mode file for STMicroelectronics.X-CUBE-TOF1.3.4.1
2025-10-02 16:25:49,000 [INFO] WebApp:192 - Starting web application
2025-10-02 16:25:49,001 [INFO] WebApp:544 - Web application path used E:\ST\STM32CubeIDE_1.14.0\STM32CubeIDE\plugins\com.st.stm32cube.common.mx_6.10.0.202311202037\db\plugins\mcufinder\reactClient1\index.html
2025-10-02 16:25:49,056 [WARN] PackLoader:240 - Cannot read IP mode file for STMicroelectronics.X-CUBE-AZRTOS-H7.3.2.0
2025-10-02 16:25:49,087 [WARN] PackLoader:240 - Cannot read IP mode file for wolfSSL.I-CUBE-wolfSSH.1.4.17
2025-10-02 16:25:49,088 [INFO] ThirdParty:978 - Integrity check success = true
2025-10-02 16:25:49,088 [INFO] IntegrityCheckThread:100 - exiting critical section [integrity check]
2025-10-02 16:25:49,088 [INFO] IntegrityCheckThread:103 - End integrity checks thread
